Performing C SOURCE FILE Test CMAKE_HAVE_LIBC_PTHREAD failed with the following output:
Change Dir: /home/tongxin/catkin_ws/build/CMakeFiles/CMakeTmp

Run Build Command(s):/usr/bin/make -f Makefile cmTC_1478a/fast && /usr/bin/make  -f CMakeFiles/cmTC_1478a.dir/build.make CMakeFiles/cmTC_1478a.dir/build
make[1]: Entering directory '/home/tongxin/catkin_ws/build/CMakeFiles/CMakeTmp'
Building C object CMakeFiles/cmTC_1478a.dir/src.c.o
/usr/bin/cc -DCMAKE_HAVE_LIBC_PTHREAD   -o CMakeFiles/cmTC_1478a.dir/src.c.o -c /home/tongxin/catkin_ws/build/CMakeFiles/CMakeTmp/src.c
Linking C executable cmTC_1478a
/home/tongxin/cmake323/bin/cmake -E cmake_link_script CMakeFiles/cmTC_1478a.dir/link.txt --verbose=1
/usr/bin/cc -rdynamic CMakeFiles/cmTC_1478a.dir/src.c.o -o cmTC_1478a 
CMakeFiles/cmTC_1478a.dir/src.c.o: In function `main':
src.c:(.text+0x48): undefined reference to `pthread_create'
src.c:(.text+0x50): undefined reference to `pthread_detach'
src.c:(.text+0x58): undefined reference to `pthread_cancel'
src.c:(.text+0x64): undefined reference to `pthread_join'
src.c:(.text+0x74): undefined reference to `pthread_atfork'
collect2: error: ld returned 1 exit status
CMakeFiles/cmTC_1478a.dir/build.make:98: recipe for target 'cmTC_1478a' failed
make[1]: *** [cmTC_1478a] Error 1
make[1]: Leaving directory '/home/tongxin/catkin_ws/build/CMakeFiles/CMakeTmp'
Makefile:127: recipe for target 'cmTC_1478a/fast' failed
make: *** [cmTC_1478a/fast] Error 2


Source file was:
#include <pthread.h>

static void* test_func(void* data)
{
  return data;
}

int main(void)
{
  pthread_t thread;
  pthread_create(&thread, NULL, test_func, NULL);
  pthread_detach(thread);
  pthread_cancel(thread);
  pthread_join(thread, NULL);
  pthread_atfork(NULL, NULL, NULL);
  pthread_exit(NULL);

  return 0;
}

Determining if the function pthread_create exists in the pthreads failed with the following output:
Change Dir: /home/tongxin/catkin_ws/build/CMakeFiles/CMakeTmp

Run Build Command(s):/usr/bin/make -f Makefile cmTC_850a2/fast && /usr/bin/make  -f CMakeFiles/cmTC_850a2.dir/build.make CMakeFiles/cmTC_850a2.dir/build
make[1]: Entering directory '/home/tongxin/catkin_ws/build/CMakeFiles/CMakeTmp'
Building C object CMakeFiles/cmTC_850a2.dir/CheckFunctionExists.c.o
/usr/bin/cc   -DCHECK_FUNCTION_EXISTS=pthread_create -o CMakeFiles/cmTC_850a2.dir/CheckFunctionExists.c.o -c /home/tongxin/cmake323/share/cmake-3.23/Modules/CheckFunctionExists.c
Linking C executable cmTC_850a2
/home/tongxin/cmake323/bin/cmake -E cmake_link_script CMakeFiles/cmTC_850a2.dir/link.txt --verbose=1
/usr/bin/cc  -DCHECK_FUNCTION_EXISTS=pthread_create -rdynamic CMakeFiles/cmTC_850a2.dir/CheckFunctionExists.c.o -o cmTC_850a2  -lpthreads 
/usr/bin/ld: cannot find -lpthreads
collect2: error: ld returned 1 exit status
CMakeFiles/cmTC_850a2.dir/build.make:98: recipe for target 'cmTC_850a2' failed
make[1]: *** [cmTC_850a2] Error 1
make[1]: Leaving directory '/home/tongxin/catkin_ws/build/CMakeFiles/CMakeTmp'
Makefile:127: recipe for target 'cmTC_850a2/fast' failed
make: *** [cmTC_850a2/fast] Error 2



